This is pdfTeX, Version 3.14159265-2.6-1.40.21 (MiKTeX 20.11) (preloaded format=pdflatex 2020.11.16)  29 DEC 2020 12:55
entering extended mode
**"c:/Users/Max pc/Documents/GitHub/ICS4U/MCR4UR/Assignment 2/MHF4U-A2.tex"
("c:/Users/Max pc/Documents/GitHub/ICS4U/MCR4UR/Assignment 2/MHF4U-A2.tex"
LaTeX2e <2020-10-01> patch level 2
L3 programming layer <2020-10-27> xparse <2020-03-03> ("C:\Users\Max pc\AppData\Local\Programs\MiKTeX\tex/latex/base\book.cls"
Document Class: book 2020/04/10 v1.4m Standard LaTeX document class
("C:\Users\Max pc\AppData\Local\Programs\MiKTeX\tex/latex/base\bk12.clo"
File: bk12.clo 2020/04/10 v1.4m Standard LaTeX file (size option)
)
\c@part=\count175
\c@chapter=\count176
\c@section=\count177
\c@subsection=\count178
\c@subsubsection=\count179
\c@paragraph=\count180
\c@subparagraph=\count181
\c@figure=\count182
\c@table=\count183
\abovecaptionskip=\skip47
\belowcaptionskip=\skip48
\bibindent=\dimen138
) ("C:\Users\Max pc\AppData\Local\Programs\MiKTeX\tex/latex/amsfonts\amsfonts.sty"